<?xml version="1.0" encoding="UTF-8"?>
<!-- Generated by org.testng.reporters.JUnitReportReporter -->
<testsuite skipped="0" hostname="Elton-John-PC" name="com.revature.cucumber.Runner" tests="1" failures="0" timestamp="11 May 2018 15:24:38 GMT" time="76.781" errors="0">
  <testcase name="feature" time="76.781" classname="com.revature.cucumber.Runner"/>
</testsuite> <!-- com.revature.cucumber.Runner -->
