<?xml version="1.0" encoding="UTF-8"?>
<!-- Generated by org.testng.reporters.JUnitReportReporter -->
<testsuite skipped="1" hostname="Elton-John-PC" name="com.revature.cucumber.RunnerUserEntersTheLandingPage" tests="1" failures="0" timestamp="11 May 2018 19:28:52 GMT" time="0.000" errors="0">
  <testcase name="feature" time="0.000" classname="com.revature.cucumber.RunnerUserEntersTheLandingPage">
    <skipped/>
  </testcase> <!-- feature -->
</testsuite> <!-- com.revature.cucumber.RunnerUserEntersTheLandingPage -->
