<?xml version="1.0" encoding="UTF-8"?>
<!-- Generated by org.testng.reporters.JUnitReportReporter -->
<testsuite skipped="0" hostname="Kevin-Notebook" name="com.revature.cucumber.Vpoftech_Locations_Runner" tests="1" failures="0" timestamp="12 May 2018 19:02:38 GMT" time="0.160" errors="0">
  <testcase name="feature" time="0.160" classname="com.revature.cucumber.Vpoftech_Locations_Runner"/>
</testsuite> <!-- com.revature.cucumber.Vpoftech_Locations_Runner -->
