<?xml version="1.0" encoding="UTF-8"?>
<!-- Generated by org.testng.reporters.JUnitReportReporter -->
<testsuite skipped="0" hostname="Elinvar" name="com.revature.cucumber.Trainer_Locations_Runner" tests="1" failures="0" timestamp="12 May 2018 20:29:10 GMT" time="21.441" errors="0">
  <testcase name="feature" time="21.441" classname="com.revature.cucumber.Trainer_Locations_Runner"/>
</testsuite> <!-- com.revature.cucumber.Trainer_Locations_Runner -->
