<?xml version="1.0" encoding="UTF-8"?>
<!-- Generated by org.testng.reporters.JUnitReportReporter -->
<testsuite skipped="0" hostname="Ramnerys-MacBook-Pro.local" name="com.revature.cucumber.CucumberCurriculaRunner" tests="1" failures="0" timestamp="12 May 2018 20:36:27 GMT" time="0.014" errors="0">
  <testcase name="feature" time="0.014" classname="com.revature.cucumber.CucumberCurriculaRunner"/>
</testsuite> <!-- com.revature.cucumber.CucumberCurriculaRunner -->
