<?xml version="1.0" encoding="UTF-8"?>
<!-- Generated by org.testng.reporters.JUnitReportReporter -->
<testsuite skipped="0" hostname="Elinvar" name="com.revature.cucumber.CucumberRunner" tests="1" failures="0" timestamp="12 May 2018 21:30:55 GMT" time="21.644" errors="0">
  <testcase name="feature" time="21.644" classname="com.revature.cucumber.CucumberRunner"/>
</testsuite> <!-- com.revature.cucumber.CucumberRunner -->
