<?xml version="1.0" encoding="UTF-8"?>
<!-- Generated by org.testng.reporters.JUnitReportReporter -->
<testsuite skipped="0" hostname="Elinvar" name="com.revature.pom.dev_assignforce_revaturelabs_com_TestNG" tests="1" failures="0" timestamp="11 May 2018 15:22:30 GMT" time="6.688" errors="0">
  <testcase name="VerifyValidLogin" time="6.688" classname="com.revature.pom.dev_assignforce_revaturelabs_com_TestNG"/>
</testsuite> <!-- com.revature.pom.dev_assignforce_revaturelabs_com_TestNG -->
