<?xml version="1.0" encoding="UTF-8"?>
<!-- Generated by org.testng.reporters.JUnitReportReporter -->
<testsuite skipped="0" hostname="Elinvar" name="com.revature.test.Test_Runner" tests="1" failures="0" timestamp="14 May 2018 12:25:55 GMT" time="5.066" errors="0">
  <testcase name="LoginAsVP" time="5.066" classname="com.revature.test.Test_Runner"/>
</testsuite> <!-- com.revature.test.Test_Runner -->
